[dotenv@17.2.3] injecting env (2) from .env -- tip: 🔄 add secrets lifecycle management: https://dotenvx.com/ops
📦 Importando lote 1...
✅ Dota 2 (570)
✅ Apex Legends™ (1172470)
✅ Rust (252490)
✅ PUBG: BATTLEGROUNDS (578080)
✅ Counter-Strike 2 (730)
Progreso: 5/174
📦 Importando lote 2...
✅ Team Fortress 2 (440)
✅ Dead by Daylight (381210)
✅ Grand Theft Auto V Legacy (271590)
✅ FIFA 22 (1506830)
✅ Cyberpunk 2077 (1091500)
Progreso: 10/174
📦 Importando lote 3...
✅ Wallpaper Engine (431960)
✅ Hearts of Iron IV (394360)
✅ Destiny 2 (1085660)
✅ Black Desert (582660)
✅ Beat Saber (620980)
Progreso: 15/174
📦 Importando lote 4...
✅ STAR WARS™: Squadrons (1222730)
✅ ELDEN RING (1245620)
✅ Rocket League® (252950)
✅ Halo Infinite (1240440)
✅ Call of Duty® (1938090)
Progreso: 20/174
📦 Importando lote 5...
✅ DayZ (221100)
✅ No Man's Sky (275850)
✅ Sid Meier's Civilization® V (8930)
✅ The Forest (242760)
✅ Cities: Skylines (255710)
Progreso: 25/174
📦 Importando lote 6...
✅ Terraria (105600)
✅ Palworld (1623730)
✅ RimWorld (294100)
✅ Call of Duty®: Black Ops III (311210)
✅ Tom Clancy's Rainbow Six® Siege X (359550)
Progreso: 30/174
📦 Importando lote 7...
✅ Euro Truck Simulator 2 (227300)
✅ Sekiro™: Shadows Die Twice - GOTY Edition (814380)
✅ Risk of Rain 2 (632360)
✅ Don't Starve (219740)
✅ Dying Light (239140)
Progreso: 35/174
📦 Importando lote 8...
✅ Mafia II (Classic) (50130)
✅ Grand Theft Auto IV: The Complete Edition (12210)
✅ Hollow Knight (367520)
✅ Sid Meier’s Civilization® VI (289070)
✅ Monster Hunter: World (582010)
Progreso: 40/174
📦 Importando lote 9...
✅ Fallout: New Vegas (22380)
✅ FINAL FANTASY® XIII (292120)
✅ MIR4 (1623660)
✅ Entropy : Zero 2 (1583720)
✅ MONSTER HUNTER RISE (1446780)
Progreso: 45/174
📦 Importando lote 10...
✅ Tomb Raider (203160)
✅ STAR WARS Jedi: Fallen Order™ (1172380)
✅ Warhammer: Vermintide 2 (552500)
✅ Muse Dash (774171)
✅ ARK: Survival Evolved (346110)
Progreso: 50/174
📦 Importando lote 11...
✅ DOOM (379720)
✅ Farming Simulator 22 (1248130)
✅ V Rising (1604030)
✅ Borderlands 2 (49520)
✅ XCOM: Enemy Unknown (200510)
Progreso: 55/174
📦 Importando lote 12...
✅ Grand Theft Auto V Legacy (271590)
✅ Garry's Mod (4000)
✅ Starbound (211820)
✅ They Are Billions (644930)
✅ Heroes & Generals (227940)
Progreso: 60/174
📦 Importando lote 13...
✅ Cyberpunk 2077 (1091500)
✅ Black Desert (582660)
✅ Disco Elysium - The Final Cut (632470)
✅ Muck (1625450)
✅ Project Zomboid (108600)
Progreso: 65/174
📦 Importando lote 14...
✅ STAR WARS Jedi: Fallen Order™ (1172380)
✅ Ready or Not (1144200)
✅ Factorio (427520)
✅ Paladins® (444090)
✅ Mindustry (1127400)
Progreso: 70/174
📦 Importando lote 15...
✅ Farming Simulator 22 (1248130)
✅ Grand Theft Auto V Legacy (271590)
✅ V Rising (1604030)
✅ SCUM (513710)
✅ Assassin's Creed® Odyssey (812140)
Progreso: 75/174
📦 Importando lote 16...
✅ FINAL FANTASY® XIII (292120)
✅ Darkest Dungeon® (262060)
✅ Deep Rock Galactic (548430)
✅ Killing Floor 2 (232090)
✅ The Sims™ 3 (47890)
Progreso: 80/174
📦 Importando lote 17...
✅ DayZ (221100)
✅ Dying Light (239140)
✅ Monster Hunter: World (582010)
✅ Football Manager 2020 (1100600)
✅ Red Dead Redemption 2 (1174180)
Progreso: 85/174
📦 Importando lote 18...
✅ Dead by Daylight (381210)
✅ Warhammer: Vermintide 2 (552500)
✅ Dying Light (239140)
✅ Warhammer® 40,000: Dawn of War® II Chaos Rising (20570)
✅ Conan Exiles (440900)
Progreso: 90/174
📦 Importando lote 19...
✅ Monster Hunter: World (582010)
✅ PUBG: BATTLEGROUNDS (578080)
✅ tModLoader (1281930)
✅ Phasmophobia (739630)
✅ God of War (1593500)
Progreso: 95/174
📦 Importando lote 20...
✅ ELDEN RING (1245620)
✅ Tiny Tina's Wonderlands (1286680)
✅ Strange Horticulture (1574580)
✅ War Thunder (236390)
✅ Lethal Company (1966720)
Progreso: 100/174
📦 Importando lote 21...
✅ Cyberpunk 2077 (1091500)
✅ Warface: Clutch (291480)
✅ Brawlhalla (291550)
✅ Tom Clancy’s The Division® 2 (2221490)
✅ The Sims™ 4 (1222670)
Progreso: 105/174
